  [1m[35m (81.2ms)[0m  [1m[35mCREATE DATABASE `petshop_development` DEFAULT CHARACTER SET `utf8mb4`[0m
  [1m[35m (47.1ms)[0m  [1m[35mCREATE DATABASE `petshop_test` DEFAULT CHARACTER SET `utf8mb4`[0m
  [1m[35m (435.1ms)[0m  [1m[35mCREATE TABLE `schema_migrations` (`version` varchar(255) NOT NULL PRIMARY KEY)[0m
  [1m[35m (74.7ms)[0m  [1m[35mCREATE TABLE `ar_internal_metadata` (`key` varchar(255) NOT NULL PRIMARY KEY, `value` varchar(255), `created_at` datetime(6) NOT NULL, `updated_at` datetime(6) NOT NULL)[0m
  [1m[35m (2.7ms)[0m  [1m[34mSELECT GET_LOCK('2491495442145780105', 0)[0m
  [1m[36mActiveRecord::SchemaMigration Pluck (19.3ms)[0m  [1m[34mSELECT `schema_migrations`.`version` FROM `schema_migrations` ORDER BY `schema_migrations`.`version` ASC[0m
Migrating to CreateMarcas (20220830205803)
  [1m[35m (97.9ms)[0m  [1m[35mCREATE TABLE `marcas` (`id` bigint NOT NULL AUTO_INCREMENT PRIMARY KEY, `nome` varchar(255), `created_at` datetime(6) NOT NULL, `updated_at` datetime(6) NOT NULL)[0m
  [1m[36mTRANSACTION (65.7ms)[0m  [1m[35mBEGIN[0m
  [1m[36mActiveRecord::SchemaMigration Create (7.2ms)[0m  [1m[32mINSERT INTO `schema_migrations` (`version`) VALUES ('20220830205803')[0m
  [1m[36mTRANSACTION (0.6ms)[0m  [1m[35mCOMMIT[0m
  [1m[36mActiveRecord::InternalMetadata Load (55.1ms)[0m  [1m[34mSELECT `ar_internal_metadata`.* FROM `ar_internal_metadata` WHERE `ar_internal_metadata`.`key` = 'environment' LIMIT 1[0m
  [1m[36mTRANSACTION (0.2ms)[0m  [1m[35mBEGIN[0m
  [1m[36mActiveRecord::InternalMetadata Create (0.3ms)[0m  [1m[32mINSERT INTO `ar_internal_metadata` (`key`, `value`, `created_at`, `updated_at`) VALUES ('environment', 'development', '2022-08-30 20:59:17.777491', '2022-08-30 20:59:17.777491')[0m
  [1m[36mTRANSACTION (0.7ms)[0m  [1m[35mCOMMIT[0m
  [1m[35m (1.8ms)[0m  [1m[34mSELECT RELEASE_LOCK('2491495442145780105')[0m
  [1m[36mActiveRecord::SchemaMigration Pluck (1.3ms)[0m  [1m[34mSELECT `schema_migrations`.`version` FROM `schema_migrations` ORDER BY `schema_migrations`.`version` ASC[0m
  [1m[36mMarca Load (0.5ms)[0m  [1m[34mSELECT `marcas`.* FROM `marcas` WHERE `marcas`.`nome` = 'ddd'[0m
  [1m[36mMarca Load (0.5ms)[0m  [1m[34mSELECT `marcas`.* FROM `marcas` WHERE `marcas`.`nome` = 'ddd'[0m
  [1m[35m (1.4ms)[0m  [1m[34mSELECT GET_LOCK('2491495442145780105', 0)[0m
  [1m[36mActiveRecord::SchemaMigration Pluck (8.0ms)[0m  [1m[34mSELECT `schema_migrations`.`version` FROM `schema_migrations` ORDER BY `schema_migrations`.`version` ASC[0m
Migrating to CreateUsuarios (20220831153111)
  [1m[35m (342.9ms)[0m  [1m[35mCREATE TABLE `usuarios` (`id` bigint NOT NULL AUTO_INCREMENT PRIMARY KEY, `nome` varchar(255), `email` varchar(255), `senha` varchar(255), `created_at` datetime(6) NOT NULL, `updated_at` datetime(6) NOT NULL)[0m
  [1m[36mTRANSACTION (41.3ms)[0m  [1m[35mBEGIN[0m
  [1m[36mActiveRecord::SchemaMigration Create (2.6ms)[0m  [1m[32mINSERT INTO `schema_migrations` (`version`) VALUES ('20220831153111')[0m
  [1m[36mTRANSACTION (0.6ms)[0m  [1m[35mCOMMIT[0m
  [1m[36mActiveRecord::InternalMetadata Load (41.4ms)[0m  [1m[34mSELECT `ar_internal_metadata`.* FROM `ar_internal_metadata` WHERE `ar_internal_metadata`.`key` = 'environment' LIMIT 1[0m
  [1m[35m (0.2ms)[0m  [1m[34mSELECT RELEASE_LOCK('2491495442145780105')[0m
  [1m[36mActiveRecord::SchemaMigration Pluck (2.8ms)[0m  [1m[34mSELECT `schema_migrations`.`version` FROM `schema_migrations` ORDER BY `schema_migrations`.`version` ASC[0m
  [1m[35m (0.2ms)[0m  [1m[34mSELECT GET_LOCK('2491495442145780105', 0)[0m
  [1m[36mActiveRecord::SchemaMigration Pluck (42.2ms)[0m  [1m[34mSELECT `schema_migrations`.`version` FROM `schema_migrations` ORDER BY `schema_migrations`.`version` ASC[0m
Migrating to CreateAvivoSubscribes (20220831153311)
  [1m[35m (110.7ms)[0m  [1m[35mCREATE TABLE `avivo_subscribes` (`id` bigint NOT NULL AUTO_INCREMENT PRIMARY KEY, `usuario_id_id` bigint NOT NULL, `tipo_campeonato` int, `created_at` datetime(6) NOT NULL, `updated_at` datetime(6) NOT NULL, INDEX `index_avivo_subscribes_on_usuario_id_id` (`usuario_id_id`), CONSTRAINT `fk_rails_63c42f57ab`
FOREIGN KEY (`usuario_id_id`)
  REFERENCES `usuario_ids` (`id`)
)[0m
  [1m[35m (2.6ms)[0m  [1m[34mSELECT RELEASE_LOCK('2491495442145780105')[0m
